<?xml version="1.0" encoding="UTF-8"?>
<!-- Generated by org.testng.reporters.JUnitReportReporter -->
<testsuite hostname="DESKTOP-57AN5QL" failures="0" tests="1" name="Tpack.ClassThree" time="0.102" errors="0" timestamp="2023-12-16T13:40:08 IST" skipped="0">
  <testcase classname="Tpack.ClassThree" name="testThree" time="0.102"/>
</testsuite> <!-- Tpack.ClassThree -->
