<?xml version="1.0" encoding="UTF-8"?>
<!-- Generated by org.testng.reporters.JUnitReportReporter -->
<testsuite hostname="DESKTOP-57AN5QL" failures="0" tests="1" name="TestNGPractice.PracticeAutomationTestNGAdvanced.ClassTwo" time="0.022" errors="0" timestamp="2023-12-10T13:24:01 IST" skipped="0">
  <testcase classname="TestNGPractice.PracticeAutomationTestNGAdvanced.ClassTwo" name="testTwo" time="0.022"/>
  <system-out/>
</testsuite> <!-- TestNGPractice.PracticeAutomationTestNGAdvanced.ClassTwo -->
