<?xml version="1.0" encoding="UTF-8"?>
<!-- Generated by org.testng.reporters.JUnitReportReporter -->
<testsuite hostname="DESKTOP-57AN5QL" failures="0" tests="4" name="Kpak.ClassEight" time="4.044" errors="0" timestamp="2023-12-16T13:40:08 IST" skipped="0">
  <testcase classname="Kpak.ClassEight" name="amazon" time="4.019"/>
  <testcase classname="Kpak.ClassEight" name="flipkart" time="0.009"/>
  <testcase classname="Kpak.ClassEight" name="macys" time="0.009"/>
  <testcase classname="Kpak.ClassEight" name="walmart" time="0.007"/>
</testsuite> <!-- Kpak.ClassEight -->
