<?xml version="1.0" encoding="UTF-8"?>
<!-- Generated by org.testng.reporters.JUnitReportReporter -->
<testsuite hostname="DESKTOP-57AN5QL" failures="0" tests="1" name="Tpack.ClassTwo" time="0.004" errors="0" timestamp="2023-12-16T13:40:08 IST" skipped="0">
  <testcase classname="Tpack.ClassTwo" name="testTwo" time="0.004"/>
</testsuite> <!-- Tpack.ClassTwo -->
